[INFO][2018-10-17 21:42:02,201][org.hibernate.validator.internal.util.Version]HV000001: Hibernate Validator 6.0.12.Final
[INFO][2018-10-17 21:42:02,776][com.hc.system.ServletInitializer]Starting ServletInitializer v0.0.1-SNAPSHOT on SC-201809111659 with PID 9716 (E:\base\system\target\system-0.0.1-SNAPSHOT\WEB-INF\classes started by Administrator in E:\tool\tomcat\bin)
[INFO][2018-10-17 21:42:02,784][com.hc.system.ServletInitializer]No active profile set, falling back to default profiles: default
[INFO][2018-10-17 21:42:02,972][org.springframework.boot.web.servlet.context.AnnotationConfigServletWebServerApplicationContext]Refreshing org.springframework.boot.web.servlet.context.AnnotationConfigServletWebServerApplicationContext@34fe7164: startup date [Wed Oct 17 21:42:02 CST 2018]; root of context hierarchy
[INFO][2018-10-17 21:42:05,380][org.springframework.context.support.PostProcessorRegistrationDelegate$BeanPostProcessorChecker]Bean 'shiroConfiguration' of type [com.hc.system.config.ShiroConfiguration$$EnhancerBySpringCGLIB$$61e2e27] is not eligible for getting processed by all BeanPostProcessors (for example: not eligible for auto-proxying)
[INFO][2018-10-17 21:42:05,990][org.springframework.context.support.PostProcessorRegistrationDelegate$BeanPostProcessorChecker]Bean 'org.springframework.boot.context.properties.ConversionServiceDeducer$Factory' of type [org.springframework.boot.context.properties.ConversionServiceDeducer$Factory] is not eligible for getting processed by all BeanPostProcessors (for example: not eligible for auto-proxying)
[INFO][2018-10-17 21:42:06,490][org.springframework.context.support.PostProcessorRegistrationDelegate$BeanPostProcessorChecker]Bean 'mybatis-org.mybatis.spring.boot.autoconfigure.MybatisProperties' of type [org.mybatis.spring.boot.autoconfigure.MybatisProperties] is not eligible for getting processed by all BeanPostProcessors (for example: not eligible for auto-proxying)
[INFO][2018-10-17 21:42:06,527][org.springframework.context.support.PostProcessorRegistrationDelegate$BeanPostProcessorChecker]Bean 'org.mybatis.spring.boot.autoconfigure.MybatisAutoConfiguration' of type [org.mybatis.spring.boot.autoconfigure.MybatisAutoConfiguration$$EnhancerBySpringCGLIB$$4f4fb27a] is not eligible for getting processed by all BeanPostProcessors (for example: not eligible for auto-proxying)
[INFO][2018-10-17 21:42:06,536][org.springframework.context.support.PostProcessorRegistrationDelegate$BeanPostProcessorChecker]Bean 'org.springframework.boot.autoconfigure.jdbc.DataSourceConfiguration$Generic' of type [org.springframework.boot.autoconfigure.jdbc.DataSourceConfiguration$Generic] is not eligible for getting processed by all BeanPostProcessors (for example: not eligible for auto-proxying)
[INFO][2018-10-17 21:42:06,604][org.springframework.context.support.PostProcessorRegistrationDelegate$BeanPostProcessorChecker]Bean 'spring.datasource-org.springframework.boot.autoconfigure.jdbc.DataSourceProperties' of type [org.springframework.boot.autoconfigure.jdbc.DataSourceProperties] is not eligible for getting processed by all BeanPostProcessors (for example: not eligible for auto-proxying)
[INFO][2018-10-17 21:42:06,801][org.springframework.context.support.PostProcessorRegistrationDelegate$BeanPostProcessorChecker]Bean 'dataSource' of type [com.alibaba.druid.pool.DruidDataSource] is not eligible for getting processed by all BeanPostProcessors (for example: not eligible for auto-proxying)
[INFO][2018-10-17 21:42:07,313][org.springframework.context.support.PostProcessorRegistrationDelegate$BeanPostProcessorChecker]Bean 'sqlSessionFactory' of type [org.apache.ibatis.session.defaults.DefaultSqlSessionFactory] is not eligible for getting processed by all BeanPostProcessors (for example: not eligible for auto-proxying)
[INFO][2018-10-17 21:42:07,350][org.springframework.context.support.PostProcessorRegistrationDelegate$BeanPostProcessorChecker]Bean 'sqlSessionTemplate' of type [org.mybatis.spring.SqlSessionTemplate] is not eligible for getting processed by all BeanPostProcessors (for example: not eligible for auto-proxying)
[INFO][2018-10-17 21:42:07,351][org.springframework.context.support.PostProcessorRegistrationDelegate$BeanPostProcessorChecker]Bean 'userMapper' of type [org.mybatis.spring.mapper.MapperFactoryBean] is not eligible for getting processed by all BeanPostProcessors (for example: not eligible for auto-proxying)
[INFO][2018-10-17 21:42:07,356][org.springframework.context.support.PostProcessorRegistrationDelegate$BeanPostProcessorChecker]Bean 'userMapper' of type [com.sun.proxy.$Proxy57] is not eligible for getting processed by all BeanPostProcessors (for example: not eligible for auto-proxying)
[INFO][2018-10-17 21:42:07,361][org.springframework.context.support.PostProcessorRegistrationDelegate$BeanPostProcessorChecker]Bean 'userServiceImpl' of type [com.hc.common.service.impl.UserServiceImpl] is not eligible for getting processed by all BeanPostProcessors (for example: not eligible for auto-proxying)
[INFO][2018-10-17 21:42:07,363][org.springframework.context.support.PostProcessorRegistrationDelegate$BeanPostProcessorChecker]Bean 'shiroRealm' of type [com.hc.system.config.ShiroRealm] is not eligible for getting processed by all BeanPostProcessors (for example: not eligible for auto-proxying)
[INFO][2018-10-17 21:42:07,722][org.springframework.context.support.PostProcessorRegistrationDelegate$BeanPostProcessorChecker]Bean 'ehCacheManager' of type [org.apache.shiro.cache.ehcache.EhCacheManager] is not eligible for getting processed by all BeanPostProcessors (for example: not eligible for auto-proxying)
[INFO][2018-10-17 21:42:07,727][org.apache.shiro.cache.ehcache.EhCacheManager]Cache with name 'com.hc.system.config.ShiroRealm.authorizationCache' does not yet exist.  Creating now.
[INFO][2018-10-17 21:42:07,739][org.apache.shiro.cache.ehcache.EhCacheManager]Added EhCache named [com.hc.system.config.ShiroRealm.authorizationCache]
[INFO][2018-10-17 21:42:07,775][org.springframework.context.support.PostProcessorRegistrationDelegate$BeanPostProcessorChecker]Bean 'securityManager' of type [org.apache.shiro.web.mgt.DefaultWebSecurityManager] is not eligible for getting processed by all BeanPostProcessors (for example: not eligible for auto-proxying)
[INFO][2018-10-17 21:42:07,968][org.springframework.context.support.PostProcessorRegistrationDelegate$BeanPostProcessorChecker]Bean 'org.springframework.transaction.annotation.ProxyTransactionManagementConfiguration' of type [org.springframework.transaction.annotation.ProxyTransactionManagementConfiguration$$EnhancerBySpringCGLIB$$1c7b614a] is not eligible for getting processed by all BeanPostProcessors (for example: not eligible for auto-proxying)
[INFO][2018-10-17 21:42:08,045][org.springframework.context.support.PostProcessorRegistrationDelegate$BeanPostProcessorChecker]Bean 'authorizationAttributeSourceAdvisor' of type [org.apache.shiro.spring.security.interceptor.AuthorizationAttributeSourceAdvisor] is not eligible for getting processed by all BeanPostProcessors (for example: not eligible for auto-proxying)
[INFO][2018-10-17 21:42:08,292][org.springframework.web.context.ContextLoader]Root WebApplicationContext: initialization completed in 5319 ms
[INFO][2018-10-17 21:42:09,220][org.springframework.boot.web.servlet.ServletRegistrationBean]Servlet dispatcherServlet mapped to [/]
[INFO][2018-10-17 21:42:09,225][org.springframework.boot.web.servlet.FilterRegistrationBean]Mapping filter: 'characterEncodingFilter' to: [/*]
[INFO][2018-10-17 21:42:09,226][org.springframework.boot.web.servlet.FilterRegistrationBean]Mapping filter: 'errorPageFilter' to: [/*]
[INFO][2018-10-17 21:42:09,226][org.springframework.boot.web.servlet.FilterRegistrationBean]Mapping filter: 'hiddenHttpMethodFilter' to: [/*]
[INFO][2018-10-17 21:42:09,226][org.springframework.boot.web.servlet.FilterRegistrationBean]Mapping filter: 'httpPutFormContentFilter' to: [/*]
[INFO][2018-10-17 21:42:09,227][org.springframework.boot.web.servlet.FilterRegistrationBean]Mapping filter: 'requestContextFilter' to: [/*]
[INFO][2018-10-17 21:42:09,227][org.springframework.boot.web.servlet.FilterRegistrationBean]Mapping filter: 'shiroFilter' to: [/*]
[INFO][2018-10-17 21:42:10,112][org.springframework.web.servlet.handler.SimpleUrlHandlerMapping]Mapped URL path [/**/favicon.ico] onto handler of type [class org.springframework.web.servlet.resource.ResourceHttpRequestHandler]
[INFO][2018-10-17 21:42:10,979][org.springframework.web.servlet.mvc.method.annotation.RequestMappingHandlerAdapter]Looking for @ControllerAdvice: org.springframework.boot.web.servlet.context.AnnotationConfigServletWebServerApplicationContext@34fe7164: startup date [Wed Oct 17 21:42:02 CST 2018]; root of context hierarchy
[INFO][2018-10-17 21:42:11,276][org.springframework.web.servlet.mvc.method.annotation.RequestMappingHandlerMapping]Mapped "{[/sys/login]}" onto public java.lang.String com.hc.system.controller.LoginController.toLogin(javax.servlet.http.HttpServletRequest,java.lang.String,java.lang.String,boolean)
[INFO][2018-10-17 21:42:11,282][org.springframework.web.servlet.mvc.method.annotation.RequestMappingHandlerMapping]Mapped "{[/test/tt]}" onto public java.lang.String com.hc.system.controller.TestController.test()
[INFO][2018-10-17 21:42:11,294][org.springframework.web.servlet.mvc.method.annotation.RequestMappingHandlerMapping]Mapped "{[/error]}" onto public org.springframework.http.ResponseEntity<java.util.Map<java.lang.String, java.lang.Object>> org.springframework.boot.autoconfigure.web.servlet.error.BasicErrorController.error(javax.servlet.http.HttpServletRequest)
[INFO][2018-10-17 21:42:11,296][org.springframework.web.servlet.mvc.method.annotation.RequestMappingHandlerMapping]Mapped "{[/error],produces=[text/html]}" onto public org.springframework.web.servlet.ModelAndView org.springframework.boot.autoconfigure.web.servlet.error.BasicErrorController.errorHtml(javax.servlet.http.HttpServletRequest,javax.servlet.http.HttpServletResponse)
[INFO][2018-10-17 21:42:11,533][org.springframework.web.servlet.handler.SimpleUrlHandlerMapping]Mapped URL path [/webjars/**] onto handler of type [class org.springframework.web.servlet.resource.ResourceHttpRequestHandler]
[INFO][2018-10-17 21:42:11,534][org.springframework.web.servlet.handler.SimpleUrlHandlerMapping]Mapped URL path [/**] onto handler of type [class org.springframework.web.servlet.resource.ResourceHttpRequestHandler]
[INFO][2018-10-17 21:42:11,785][org.springframework.boot.autoconfigure.web.servlet.WelcomePageHandlerMapping]Adding welcome page template: index
[INFO][2018-10-17 21:42:12,736][org.springframework.jmx.export.annotation.AnnotationMBeanExporter]Registering beans for JMX exposure on startup
[INFO][2018-10-17 21:42:12,741][org.springframework.jmx.export.annotation.AnnotationMBeanExporter]Bean with name 'dataSource' has been autodetected for JMX exposure
[INFO][2018-10-17 21:42:12,754][org.springframework.jmx.export.annotation.AnnotationMBeanExporter]Located MBean 'dataSource': registering with JMX server as MBean [com.alibaba.druid.pool:name=dataSource,type=DruidDataSource]
[INFO][2018-10-17 21:42:12,790][com.hc.system.ServletInitializer]Started ServletInitializer in 11.09 seconds (JVM running for 17.542)
[INFO][2018-10-17 21:42:18,897][org.springframework.web.servlet.DispatcherServlet]FrameworkServlet 'dispatcherServlet': initialization started
[INFO][2018-10-17 21:42:19,397][org.springframework.web.servlet.DispatcherServlet]FrameworkServlet 'dispatcherServlet': initialization completed in 500 ms
[INFO][2018-10-17 21:42:19,813][com.hc.system.config.ShiroRealm]验证当前Subject时获取到token为：org.apache.shiro.authc.UsernamePasswordToken - asd, rememberMe=false
[DEBUG][2018-10-17 21:42:20,030][org.springframework.jdbc.datasource.DataSourceUtils]Fetching JDBC Connection from DataSource
[INFO][2018-10-17 21:42:20,158][com.alibaba.druid.pool.DruidDataSource]{dataSource-1} inited
[DEBUG][2018-10-17 21:42:20,844][org.springframework.jdbc.datasource.DataSourceUtils]Returning JDBC Connection to DataSource
[INFO][2018-10-17 21:43:03,497][com.hc.system.config.ShiroRealm]验证当前Subject时获取到token为：org.apache.shiro.authc.UsernamePasswordToken - asd, rememberMe=false
[DEBUG][2018-10-17 21:43:03,499][org.springframework.jdbc.datasource.DataSourceUtils]Fetching JDBC Connection from DataSource
[DEBUG][2018-10-17 21:43:03,505][org.springframework.jdbc.datasource.DataSourceUtils]Returning JDBC Connection to DataSource
[INFO][2018-10-17 21:43:05,599][com.hc.system.config.ShiroRealm]验证当前Subject时获取到token为：org.apache.shiro.authc.UsernamePasswordToken - asd, rememberMe=false
[DEBUG][2018-10-17 21:43:05,600][org.springframework.jdbc.datasource.DataSourceUtils]Fetching JDBC Connection from DataSource
[DEBUG][2018-10-17 21:43:05,611][org.springframework.jdbc.datasource.DataSourceUtils]Returning JDBC Connection to DataSource
